<?xml version="1.0" encoding="UTF-8"?>
<!-- Generated by org.testng.reporters.JUnitReportReporter -->
<testsuite hostname="DESKTOP-RD42TP3" failures="0" tests="1" name="TestRunner.Runner" time="12.451" errors="0" timestamp="2025-08-15T16:39:40 IST" skipped="0">
  <testcase classname="TestRunner.Runner" name="runScenario" time="12.451"/>
</testsuite> <!-- TestRunner.Runner -->
